{
  "0 debug pnpm:scope": {
    "selected": 1,
    "total": 4,
    "workspacePrefix": "G:\\Projects\\shuguang-admin"
  },
  "1 info pnpm": {
    "err": {
      "name": "Error",
      "message": "@shuguang/admin@0.0.0 dev: `vite`\nExit status 1",
      "code": "ELIFECYCLE",
      "stack": "Error: @shuguang/admin@0.0.0 dev: `vite`\nExit status 1\n    at EventEmitter.<anonymous> (D:\\nvm\\v14.19.1\\node_modules\\pnpm\\dist\\pnpm.cjs:108610:20)\n    at EventEmitter.emit (events.js:400:28)\n    at ChildProcess.<anonymous> (D:\\nvm\\v14.19.1\\node_modules\\pnpm\\dist\\pnpm.cjs:95176:18)\n    at ChildProcess.emit (events.js:400:28)\n    at maybeClose (internal/child_process.js:1058:16)\n    at Process.ChildProcess._handle.onexit (internal/child_process.js:293:5)"
    }
  },
  "2 error pnpm": {
    "errno": 1,
    "code": "ERR_PNPM_RECURSIVE_RUN_FIRST_FAIL",
    "pkgid": "@shuguang/admin@0.0.0",
    "stage": "dev",
    "script": "vite",
    "pkgname": "@shuguang/admin",
    "prefix": "G:\\Projects\\shuguang-admin\\apps\\admin",
    "err": {
      "name": "pnpm",
      "message": "@shuguang/admin@0.0.0 dev: `vite`\nExit status 1",
      "code": "ERR_PNPM_RECURSIVE_RUN_FIRST_FAIL",
      "stack": "Error: @shuguang/admin@0.0.0 dev: `vite`\nExit status 1\n    at EventEmitter.<anonymous> (D:\\nvm\\v14.19.1\\node_modules\\pnpm\\dist\\pnpm.cjs:108610:20)\n    at EventEmitter.emit (events.js:400:28)\n    at ChildProcess.<anonymous> (D:\\nvm\\v14.19.1\\node_modules\\pnpm\\dist\\pnpm.cjs:95176:18)\n    at ChildProcess.emit (events.js:400:28)\n    at maybeClose (internal/child_process.js:1058:16)\n    at Process.ChildProcess._handle.onexit (internal/child_process.js:293:5)"
    }
  }
}